2021-05-27 19:54:44.023  INFO 877 --- [main] com.deltadirac.kuskas.KuskasApplication  : Starting KuskasApplication using Java 11.0.10 on DESKTOP-2GCACPL with PID 877 (/home/deprak/kuskas-server/target/classes started by deprak in /home/deprak/kuskas-server)
2021-05-27 19:54:44.029  INFO 877 --- [main] com.deltadirac.kuskas.KuskasApplication  : The following profiles are active: dev
2021-05-27 19:54:46.690  WARN 877 --- [background-preinit] o.s.h.c.j.Jackson2ObjectMapperBuilder    : For Jackson Kotlin classes support please add "com.fasterxml.jackson.module:jackson-module-kotlin" to the classpath
2021-05-27 19:54:47.564  INFO 877 --- [main] .s.d.r.c.RepositoryConfigurationDelegate : Bootstrapping Spring Data JPA repositories in DEFAULT mode.
2021-05-27 19:54:47.885  INFO 877 --- [main] .s.d.r.c.RepositoryConfigurationDelegate : Finished Spring Data repository scanning in 277 ms. Found 6 JPA repository interfaces.
2021-05-27 19:54:50.425  INFO 877 --- [main] o.s.b.w.embedded.tomcat.TomcatWebServer  : Tomcat initialized with port(s): 8080 (http)
2021-05-27 19:54:50.494  INFO 877 --- [main] o.apache.catalina.core.StandardService   : Starting service [Tomcat]
2021-05-27 19:54:50.499  INFO 877 --- [main] org.apache.catalina.core.StandardEngine  : Starting Servlet engine: [Apache Tomcat/9.0.45]
2021-05-27 19:54:50.757  INFO 877 --- [main] o.a.c.c.C.[Tomcat].[localhost].[/]       : Initializing Spring embedded WebApplicationContext
2021-05-27 19:54:50.758  INFO 877 --- [main] w.s.c.ServletWebServerApplicationContext : Root WebApplicationContext: initialization completed in 6445 ms
2021-05-27 19:54:51.763  INFO 877 --- [main] o.hibernate.jpa.internal.util.LogHelper  : HHH000204: Processing PersistenceUnitInfo [name: default]
2021-05-27 19:54:51.877  INFO 877 --- [main] org.hibernate.Version                    : HHH000412: Hibernate ORM core version 5.4.30.Final
2021-05-27 19:54:52.243  INFO 877 --- [main] o.hibernate.annotations.common.Version   : HCANN000001: Hibernate Commons Annotations {5.1.2.Final}
2021-05-27 19:54:52.507  INFO 877 --- [main] com.zaxxer.hikari.HikariDataSource       : HikariPool-1 - Starting...
2021-05-27 19:54:53.190  INFO 877 --- [main] com.zaxxer.hikari.HikariDataSource       : HikariPool-1 - Start completed.
2021-05-27 19:54:53.247  INFO 877 --- [main] org.hibernate.dialect.Dialect            : HHH000400: Using dialect: org.hibernate.dialect.PostgreSQLDialect
2021-05-27 19:54:55.825  INFO 877 --- [main] o.h.e.t.j.p.i.JtaPlatformInitiator       : HHH000490: Using JtaPlatform implementation: [org.hibernate.engine.transaction.jta.platform.internal.NoJtaPlatform]
2021-05-27 19:54:55.856  INFO 877 --- [main] j.LocalContainerEntityManagerFactoryBean : Initialized JPA EntityManagerFactory for persistence unit 'default'
2021-05-27 19:54:56.907  WARN 877 --- [main] JpaBaseConfiguration$JpaWebConfiguration : spring.jpa.open-in-view is enabled by default. Therefore, database queries may be performed during view rendering. Explicitly configure spring.jpa.open-in-view to disable this warning
2021-05-27 19:54:57.586  WARN 877 --- [main] ConfigServletWebServerApplicationContext : Exception encountered during context initialization - cancelling refresh attempt: org.springframework.beans.factory.UnsatisfiedDependencyException: Error creating bean with name 'postController' defined in file [/home/deprak/kuskas-server/target/classes/com/deltadirac/kuskas/controller/PostController.class]: Unsatisfied dependency expressed through constructor parameter 0; nested exception is org.springframework.beans.factory.UnsatisfiedDependencyException: Error creating bean with name 'postService' defined in file [/home/deprak/kuskas-server/target/classes/com/deltadirac/kuskas/service/PostService.class]: Unsatisfied dependency expressed through constructor parameter 4; nested exception is org.springframework.beans.factory.NoSuchBeanDefinitionException: No qualifying bean of type 'com.deltadirac.kuskas.mapper.PostMapper' available: expected at least 1 bean which qualifies as autowire candidate. Dependency annotations: {}
2021-05-27 19:54:57.596  INFO 877 --- [main] j.LocalContainerEntityManagerFactoryBean : Closing JPA EntityManagerFactory for persistence unit 'default'
2021-05-27 19:54:57.603  INFO 877 --- [main] com.zaxxer.hikari.HikariDataSource       : HikariPool-1 - Shutdown initiated...
2021-05-27 19:54:57.847  INFO 877 --- [main] com.zaxxer.hikari.HikariDataSource       : HikariPool-1 - Shutdown completed.
2021-05-27 19:54:57.851  INFO 877 --- [main] o.apache.catalina.core.StandardService   : Stopping service [Tomcat]
2021-05-27 19:54:57.895  INFO 877 --- [main] ConditionEvaluationReportLoggingListener : 

Error starting ApplicationContext. To display the conditions report re-run your application with 'debug' enabled.
2021-05-27 19:54:57.960 ERROR 877 --- [main] o.s.b.d.LoggingFailureAnalysisReporter   : 

***************************
APPLICATION FAILED TO START
***************************

Description:

Parameter 4 of constructor in com.deltadirac.kuskas.service.PostService required a bean of type 'com.deltadirac.kuskas.mapper.PostMapper' that could not be found.


Action:

Consider defining a bean of type 'com.deltadirac.kuskas.mapper.PostMapper' in your configuration.

2021-05-27 20:05:13.670  INFO 1119 --- [main] com.deltadirac.kuskas.KuskasApplication  : Starting KuskasApplication using Java 11.0.10 on DESKTOP-2GCACPL with PID 1119 (/home/deprak/kuskas-server/target/classes started by deprak in /home/deprak/kuskas-server)
2021-05-27 20:05:13.677  INFO 1119 --- [main] com.deltadirac.kuskas.KuskasApplication  : The following profiles are active: dev
2021-05-27 20:05:14.995  WARN 1119 --- [background-preinit] o.s.h.c.j.Jackson2ObjectMapperBuilder    : For Jackson Kotlin classes support please add "com.fasterxml.jackson.module:jackson-module-kotlin" to the classpath
2021-05-27 20:05:16.031  INFO 1119 --- [main] .s.d.r.c.RepositoryConfigurationDelegate : Bootstrapping Spring Data JPA repositories in DEFAULT mode.
2021-05-27 20:05:16.199  INFO 1119 --- [main] .s.d.r.c.RepositoryConfigurationDelegate : Finished Spring Data repository scanning in 148 ms. Found 6 JPA repository interfaces.
2021-05-27 20:05:17.761  INFO 1119 --- [main] o.s.b.w.embedded.tomcat.TomcatWebServer  : Tomcat initialized with port(s): 8080 (http)
2021-05-27 20:05:17.795  INFO 1119 --- [main] o.apache.catalina.core.StandardService   : Starting service [Tomcat]
2021-05-27 20:05:17.796  INFO 1119 --- [main] org.apache.catalina.core.StandardEngine  : Starting Servlet engine: [Apache Tomcat/9.0.45]
2021-05-27 20:05:17.982  INFO 1119 --- [main] o.a.c.c.C.[Tomcat].[localhost].[/]       : Initializing Spring embedded WebApplicationContext
2021-05-27 20:05:17.983  INFO 1119 --- [main] w.s.c.ServletWebServerApplicationContext : Root WebApplicationContext: initialization completed in 4117 ms
2021-05-27 20:05:19.621  INFO 1119 --- [main] o.hibernate.jpa.internal.util.LogHelper  : HHH000204: Processing PersistenceUnitInfo [name: default]
2021-05-27 20:05:19.750  INFO 1119 --- [main] org.hibernate.Version                    : HHH000412: Hibernate ORM core version 5.4.30.Final
2021-05-27 20:05:20.209  INFO 1119 --- [main] o.hibernate.annotations.common.Version   : HCANN000001: Hibernate Commons Annotations {5.1.2.Final}
2021-05-27 20:05:20.450  INFO 1119 --- [main] com.zaxxer.hikari.HikariDataSource       : HikariPool-1 - Starting...
2021-05-27 20:05:21.010  INFO 1119 --- [main] com.zaxxer.hikari.HikariDataSource       : HikariPool-1 - Start completed.
2021-05-27 20:05:21.062  INFO 1119 --- [main] org.hibernate.dialect.Dialect            : HHH000400: Using dialect: org.hibernate.dialect.PostgreSQLDialect
2021-05-27 20:05:23.358  INFO 1119 --- [main] o.h.e.t.j.p.i.JtaPlatformInitiator       : HHH000490: Using JtaPlatform implementation: [org.hibernate.engine.transaction.jta.platform.internal.NoJtaPlatform]
2021-05-27 20:05:23.387  INFO 1119 --- [main] j.LocalContainerEntityManagerFactoryBean : Initialized JPA EntityManagerFactory for persistence unit 'default'
2021-05-27 20:05:24.488  WARN 1119 --- [main] JpaBaseConfiguration$JpaWebConfiguration : spring.jpa.open-in-view is enabled by default. Therefore, database queries may be performed during view rendering. Explicitly configure spring.jpa.open-in-view to disable this warning
2021-05-27 20:05:25.104  WARN 1119 --- [main] ConfigServletWebServerApplicationContext : Exception encountered during context initialization - cancelling refresh attempt: org.springframework.beans.factory.UnsatisfiedDependencyException: Error creating bean with name 'postController' defined in file [/home/deprak/kuskas-server/target/classes/com/deltadirac/kuskas/controller/PostController.class]: Unsatisfied dependency expressed through constructor parameter 0; nested exception is org.springframework.beans.factory.UnsatisfiedDependencyException: Error creating bean with name 'postService' defined in file [/home/deprak/kuskas-server/target/classes/com/deltadirac/kuskas/service/PostService.class]: Unsatisfied dependency expressed through constructor parameter 4; nested exception is org.springframework.beans.factory.NoSuchBeanDefinitionException: No qualifying bean of type 'com.deltadirac.kuskas.mapper.PostMapper' available: expected at least 1 bean which qualifies as autowire candidate. Dependency annotations: {}
2021-05-27 20:05:25.118  INFO 1119 --- [main] j.LocalContainerEntityManagerFactoryBean : Closing JPA EntityManagerFactory for persistence unit 'default'
2021-05-27 20:05:25.124  INFO 1119 --- [main] com.zaxxer.hikari.HikariDataSource       : HikariPool-1 - Shutdown initiated...
2021-05-27 20:05:25.284  INFO 1119 --- [main] com.zaxxer.hikari.HikariDataSource       : HikariPool-1 - Shutdown completed.
2021-05-27 20:05:25.292  INFO 1119 --- [main] o.apache.catalina.core.StandardService   : Stopping service [Tomcat]
2021-05-27 20:05:25.400  INFO 1119 --- [main] ConditionEvaluationReportLoggingListener : 

Error starting ApplicationContext. To display the conditions report re-run your application with 'debug' enabled.
2021-05-27 20:05:25.457 ERROR 1119 --- [main] o.s.b.d.LoggingFailureAnalysisReporter   : 

***************************
APPLICATION FAILED TO START
***************************

Description:

Parameter 4 of constructor in com.deltadirac.kuskas.service.PostService required a bean of type 'com.deltadirac.kuskas.mapper.PostMapper' that could not be found.


Action:

Consider defining a bean of type 'com.deltadirac.kuskas.mapper.PostMapper' in your configuration.

2021-05-27 20:09:56.107  INFO 1498 --- [main] com.deltadirac.kuskas.KuskasApplication  : Starting KuskasApplication using Java 11.0.10 on DESKTOP-2GCACPL with PID 1498 (/home/deprak/kuskas-server/target/classes started by deprak in /home/deprak/kuskas-server)
2021-05-27 20:09:56.119  INFO 1498 --- [main] com.deltadirac.kuskas.KuskasApplication  : The following profiles are active: dev
2021-05-27 20:09:57.600  WARN 1498 --- [background-preinit] o.s.h.c.j.Jackson2ObjectMapperBuilder    : For Jackson Kotlin classes support please add "com.fasterxml.jackson.module:jackson-module-kotlin" to the classpath
2021-05-27 20:09:58.603  INFO 1498 --- [main] .s.d.r.c.RepositoryConfigurationDelegate : Bootstrapping Spring Data JPA repositories in DEFAULT mode.
2021-05-27 20:09:58.810  INFO 1498 --- [main] .s.d.r.c.RepositoryConfigurationDelegate : Finished Spring Data repository scanning in 179 ms. Found 6 JPA repository interfaces.
2021-05-27 20:10:00.274  INFO 1498 --- [main] o.s.b.w.embedded.tomcat.TomcatWebServer  : Tomcat initialized with port(s): 8080 (http)
2021-05-27 20:10:00.313  INFO 1498 --- [main] o.apache.catalina.core.StandardService   : Starting service [Tomcat]
2021-05-27 20:10:00.314  INFO 1498 --- [main] org.apache.catalina.core.StandardEngine  : Starting Servlet engine: [Apache Tomcat/9.0.45]
2021-05-27 20:10:00.517  INFO 1498 --- [main] o.a.c.c.C.[Tomcat].[localhost].[/]       : Initializing Spring embedded WebApplicationContext
2021-05-27 20:10:00.518  INFO 1498 --- [main] w.s.c.ServletWebServerApplicationContext : Root WebApplicationContext: initialization completed in 4121 ms
2021-05-27 20:10:01.427  INFO 1498 --- [main] o.hibernate.jpa.internal.util.LogHelper  : HHH000204: Processing PersistenceUnitInfo [name: default]
2021-05-27 20:10:01.549  INFO 1498 --- [main] org.hibernate.Version                    : HHH000412: Hibernate ORM core version 5.4.30.Final
2021-05-27 20:10:01.896  INFO 1498 --- [main] o.hibernate.annotations.common.Version   : HCANN000001: Hibernate Commons Annotations {5.1.2.Final}
2021-05-27 20:10:02.104  INFO 1498 --- [main] com.zaxxer.hikari.HikariDataSource       : HikariPool-1 - Starting...
2021-05-27 20:10:02.694  INFO 1498 --- [main] com.zaxxer.hikari.HikariDataSource       : HikariPool-1 - Start completed.
2021-05-27 20:10:02.749  INFO 1498 --- [main] org.hibernate.dialect.Dialect            : HHH000400: Using dialect: org.hibernate.dialect.PostgreSQLDialect
2021-05-27 20:10:05.069  INFO 1498 --- [main] o.h.e.t.j.p.i.JtaPlatformInitiator       : HHH000490: Using JtaPlatform implementation: [org.hibernate.engine.transaction.jta.platform.internal.NoJtaPlatform]
2021-05-27 20:10:05.092  INFO 1498 --- [main] j.LocalContainerEntityManagerFactoryBean : Initialized JPA EntityManagerFactory for persistence unit 'default'
2021-05-27 20:10:06.060  WARN 1498 --- [main] JpaBaseConfiguration$JpaWebConfiguration : spring.jpa.open-in-view is enabled by default. Therefore, database queries may be performed during view rendering. Explicitly configure spring.jpa.open-in-view to disable this warning
2021-05-27 20:10:06.687  WARN 1498 --- [main] ConfigServletWebServerApplicationContext : Exception encountered during context initialization - cancelling refresh attempt: org.springframework.beans.factory.UnsatisfiedDependencyException: Error creating bean with name 'postController' defined in file [/home/deprak/kuskas-server/target/classes/com/deltadirac/kuskas/controller/PostController.class]: Unsatisfied dependency expressed through constructor parameter 0; nested exception is org.springframework.beans.factory.UnsatisfiedDependencyException: Error creating bean with name 'postService' defined in file [/home/deprak/kuskas-server/target/classes/com/deltadirac/kuskas/service/PostService.class]: Unsatisfied dependency expressed through constructor parameter 4; nested exception is org.springframework.beans.factory.NoSuchBeanDefinitionException: No qualifying bean of type 'com.deltadirac.kuskas.mapper.PostMapper' available: expected at least 1 bean which qualifies as autowire candidate. Dependency annotations: {}
2021-05-27 20:10:06.698  INFO 1498 --- [main] j.LocalContainerEntityManagerFactoryBean : Closing JPA EntityManagerFactory for persistence unit 'default'
2021-05-27 20:10:06.701  INFO 1498 --- [main] com.zaxxer.hikari.HikariDataSource       : HikariPool-1 - Shutdown initiated...
2021-05-27 20:10:06.864  INFO 1498 --- [main] com.zaxxer.hikari.HikariDataSource       : HikariPool-1 - Shutdown completed.
2021-05-27 20:10:06.870  INFO 1498 --- [main] o.apache.catalina.core.StandardService   : Stopping service [Tomcat]
2021-05-27 20:10:06.925  INFO 1498 --- [main] ConditionEvaluationReportLoggingListener : 

Error starting ApplicationContext. To display the conditions report re-run your application with 'debug' enabled.
2021-05-27 20:10:06.981 ERROR 1498 --- [main] o.s.b.d.LoggingFailureAnalysisReporter   : 

***************************
APPLICATION FAILED TO START
***************************

Description:

Parameter 4 of constructor in com.deltadirac.kuskas.service.PostService required a bean of type 'com.deltadirac.kuskas.mapper.PostMapper' that could not be found.


Action:

Consider defining a bean of type 'com.deltadirac.kuskas.mapper.PostMapper' in your configuration.

2021-05-27 20:36:07.299  INFO 2397 --- [main] c.d.kuskas.KuskasApplicationTests        : Starting KuskasApplicationTests using Java 11.0.10 on DESKTOP-2GCACPL with PID 2397 (started by deprak in /home/deprak/kuskas-server)
2021-05-27 20:36:07.306  INFO 2397 --- [main] c.d.kuskas.KuskasApplicationTests        : The following profiles are active: dev
2021-05-27 20:36:08.941  WARN 2397 --- [background-preinit] o.s.h.c.j.Jackson2ObjectMapperBuilder    : For Jackson Kotlin classes support please add "com.fasterxml.jackson.module:jackson-module-kotlin" to the classpath
2021-05-27 20:36:10.134  INFO 2397 --- [main] .s.d.r.c.RepositoryConfigurationDelegate : Bootstrapping Spring Data JPA repositories in DEFAULT mode.
2021-05-27 20:36:10.450  INFO 2397 --- [main] .s.d.r.c.RepositoryConfigurationDelegate : Finished Spring Data repository scanning in 254 ms. Found 6 JPA repository interfaces.
2021-05-27 20:36:12.236  INFO 2397 --- [main] o.hibernate.jpa.internal.util.LogHelper  : HHH000204: Processing PersistenceUnitInfo [name: default]
2021-05-27 20:36:12.362  INFO 2397 --- [main] org.hibernate.Version                    : HHH000412: Hibernate ORM core version 5.4.30.Final
2021-05-27 20:36:12.704  INFO 2397 --- [main] o.hibernate.annotations.common.Version   : HCANN000001: Hibernate Commons Annotations {5.1.2.Final}
2021-05-27 20:36:12.976  INFO 2397 --- [main] com.zaxxer.hikari.HikariDataSource       : HikariPool-1 - Starting...
2021-05-27 20:36:13.659  INFO 2397 --- [main] com.zaxxer.hikari.HikariDataSource       : HikariPool-1 - Start completed.
2021-05-27 20:36:13.709  INFO 2397 --- [main] org.hibernate.dialect.Dialect            : HHH000400: Using dialect: org.hibernate.dialect.PostgreSQLDialect
2021-05-27 20:36:16.511  INFO 2397 --- [main] o.h.e.t.j.p.i.JtaPlatformInitiator       : HHH000490: Using JtaPlatform implementation: [org.hibernate.engine.transaction.jta.platform.internal.NoJtaPlatform]
2021-05-27 20:36:16.534  INFO 2397 --- [main] j.LocalContainerEntityManagerFactoryBean : Initialized JPA EntityManagerFactory for persistence unit 'default'
2021-05-27 20:36:18.186  WARN 2397 --- [main] JpaBaseConfiguration$JpaWebConfiguration : spring.jpa.open-in-view is enabled by default. Therefore, database queries may be performed during view rendering. Explicitly configure spring.jpa.open-in-view to disable this warning
2021-05-27 20:36:19.692  INFO 2397 --- [main] o.s.s.web.DefaultSecurityFilterChain     : Will secure any request with [org.springframework.security.web.context.request.async.WebAsyncManagerIntegrationFilter@69fe8c75, org.springframework.security.web.context.SecurityContextPersistenceFilter@7c4a5ef2, org.springframework.security.web.header.HeaderWriterFilter@4419cd6e, org.springframework.security.web.authentication.logout.LogoutFilter@22ed2886, com.deltadirac.kuskas.security.JwtAuthFilter@55c20a91, org.springframework.security.web.savedrequest.RequestCacheAwareFilter@16732340, org.springframework.security.web.servletapi.SecurityContextHolderAwareRequestFilter@123d0816, org.springframework.security.web.authentication.AnonymousAuthenticationFilter@633cad4d, org.springframework.security.web.session.SessionManagementFilter@b814e23, org.springframework.security.web.access.ExceptionTranslationFilter@62c42a3, org.springframework.security.web.access.intercept.FilterSecurityInterceptor@35d8ba22]
2021-05-27 20:36:20.865  INFO 2397 --- [main] o.s.s.concurrent.ThreadPoolTaskExecutor  : Initializing ExecutorService 'applicationTaskExecutor'
2021-05-27 20:36:22.070  INFO 2397 --- [main] c.d.kuskas.KuskasApplicationTests        : Started KuskasApplicationTests in 15.583 seconds (JVM running for 18.425)
2021-05-27 20:36:22.553  INFO 2397 --- [SpringContextShutdownHook] o.s.s.concurrent.ThreadPoolTaskExecutor  : Shutting down ExecutorService 'applicationTaskExecutor'
2021-05-27 20:36:22.574  INFO 2397 --- [SpringContextShutdownHook] j.LocalContainerEntityManagerFactoryBean : Closing JPA EntityManagerFactory for persistence unit 'default'
2021-05-27 20:36:22.591  INFO 2397 --- [SpringContextShutdownHook] com.zaxxer.hikari.HikariDataSource       : HikariPool-1 - Shutdown initiated...
2021-05-27 20:36:22.754  INFO 2397 --- [SpringContextShutdownHook] com.zaxxer.hikari.HikariDataSource       : HikariPool-1 - Shutdown completed.
2021-05-27 20:42:31.682  INFO 2991 --- [main] c.d.kuskas.KuskasApplicationTests        : Starting KuskasApplicationTests using Java 11.0.10 on DESKTOP-2GCACPL with PID 2991 (started by deprak in /home/deprak/kuskas-server)
2021-05-27 20:42:31.686  INFO 2991 --- [main] c.d.kuskas.KuskasApplicationTests        : The following profiles are active: dev
2021-05-27 20:42:33.165  WARN 2991 --- [background-preinit] o.s.h.c.j.Jackson2ObjectMapperBuilder    : For Jackson Kotlin classes support please add "com.fasterxml.jackson.module:jackson-module-kotlin" to the classpath
2021-05-27 20:42:34.125  INFO 2991 --- [main] .s.d.r.c.RepositoryConfigurationDelegate : Bootstrapping Spring Data JPA repositories in DEFAULT mode.
2021-05-27 20:42:34.345  INFO 2991 --- [main] .s.d.r.c.RepositoryConfigurationDelegate : Finished Spring Data repository scanning in 198 ms. Found 6 JPA repository interfaces.
2021-05-27 20:42:36.223  INFO 2991 --- [main] o.hibernate.jpa.internal.util.LogHelper  : HHH000204: Processing PersistenceUnitInfo [name: default]
2021-05-27 20:42:36.360  INFO 2991 --- [main] org.hibernate.Version                    : HHH000412: Hibernate ORM core version 5.4.30.Final
2021-05-27 20:42:36.675  INFO 2991 --- [main] o.hibernate.annotations.common.Version   : HCANN000001: Hibernate Commons Annotations {5.1.2.Final}
2021-05-27 20:42:36.972  INFO 2991 --- [main] com.zaxxer.hikari.HikariDataSource       : HikariPool-1 - Starting...
2021-05-27 20:42:37.694  INFO 2991 --- [main] com.zaxxer.hikari.HikariDataSource       : HikariPool-1 - Start completed.
2021-05-27 20:42:37.750  INFO 2991 --- [main] org.hibernate.dialect.Dialect            : HHH000400: Using dialect: org.hibernate.dialect.PostgreSQLDialect
2021-05-27 20:42:40.376  INFO 2991 --- [main] o.h.e.t.j.p.i.JtaPlatformInitiator       : HHH000490: Using JtaPlatform implementation: [org.hibernate.engine.transaction.jta.platform.internal.NoJtaPlatform]
2021-05-27 20:42:40.399  INFO 2991 --- [main] j.LocalContainerEntityManagerFactoryBean : Initialized JPA EntityManagerFactory for persistence unit 'default'
2021-05-27 20:42:42.574  WARN 2991 --- [main] JpaBaseConfiguration$JpaWebConfiguration : spring.jpa.open-in-view is enabled by default. Therefore, database queries may be performed during view rendering. Explicitly configure spring.jpa.open-in-view to disable this warning
2021-05-27 20:42:43.915  INFO 2991 --- [main] o.s.s.web.DefaultSecurityFilterChain     : Will secure any request with [org.springframework.security.web.context.request.async.WebAsyncManagerIntegrationFilter@3c5bb37d, org.springframework.security.web.context.SecurityContextPersistenceFilter@25dc2c0, org.springframework.security.web.header.HeaderWriterFilter@2a7392a3, org.springframework.security.web.authentication.logout.LogoutFilter@2fc40856, com.deltadirac.kuskas.security.JwtAuthFilter@5cb76070, org.springframework.security.web.savedrequest.RequestCacheAwareFilter@62c42a3, org.springframework.security.web.servletapi.SecurityContextHolderAwareRequestFilter@4b7c0f39, org.springframework.security.web.authentication.AnonymousAuthenticationFilter@558575fe, org.springframework.security.web.session.SessionManagementFilter@391e2a, org.springframework.security.web.access.ExceptionTranslationFilter@71135794, org.springframework.security.web.access.intercept.FilterSecurityInterceptor@6b03c35c]
2021-05-27 20:42:44.919  INFO 2991 --- [main] o.s.s.concurrent.ThreadPoolTaskExecutor  : Initializing ExecutorService 'applicationTaskExecutor'
2021-05-27 20:42:46.192  INFO 2991 --- [main] c.d.kuskas.KuskasApplicationTests        : Started KuskasApplicationTests in 15.359 seconds (JVM running for 17.895)
2021-05-27 20:42:46.653  INFO 2991 --- [SpringContextShutdownHook] o.s.s.concurrent.ThreadPoolTaskExecutor  : Shutting down ExecutorService 'applicationTaskExecutor'
2021-05-27 20:42:46.664  INFO 2991 --- [SpringContextShutdownHook] j.LocalContainerEntityManagerFactoryBean : Closing JPA EntityManagerFactory for persistence unit 'default'
2021-05-27 20:42:46.686  INFO 2991 --- [SpringContextShutdownHook] com.zaxxer.hikari.HikariDataSource       : HikariPool-1 - Shutdown initiated...
2021-05-27 20:42:46.858  INFO 2991 --- [SpringContextShutdownHook] com.zaxxer.hikari.HikariDataSource       : HikariPool-1 - Shutdown completed.
2021-05-27 20:43:30.548  INFO 3149 --- [main] com.deltadirac.kuskas.KuskasApplication  : Starting KuskasApplication using Java 11.0.10 on DESKTOP-2GCACPL with PID 3149 (/home/deprak/kuskas-server/target/classes started by deprak in /home/deprak/kuskas-server)
2021-05-27 20:43:30.554  INFO 3149 --- [main] com.deltadirac.kuskas.KuskasApplication  : The following profiles are active: dev
2021-05-27 20:43:32.443  WARN 3149 --- [background-preinit] o.s.h.c.j.Jackson2ObjectMapperBuilder    : For Jackson Kotlin classes support please add "com.fasterxml.jackson.module:jackson-module-kotlin" to the classpath
2021-05-27 20:43:33.479  INFO 3149 --- [main] .s.d.r.c.RepositoryConfigurationDelegate : Bootstrapping Spring Data JPA repositories in DEFAULT mode.
2021-05-27 20:43:33.734  INFO 3149 --- [main] .s.d.r.c.RepositoryConfigurationDelegate : Finished Spring Data repository scanning in 201 ms. Found 6 JPA repository interfaces.
2021-05-27 20:43:35.992  INFO 3149 --- [main] o.s.b.w.embedded.tomcat.TomcatWebServer  : Tomcat initialized with port(s): 8080 (http)
2021-05-27 20:43:36.051  INFO 3149 --- [main] o.apache.catalina.core.StandardService   : Starting service [Tomcat]
2021-05-27 20:43:36.052  INFO 3149 --- [main] org.apache.catalina.core.StandardEngine  : Starting Servlet engine: [Apache Tomcat/9.0.45]
2021-05-27 20:43:36.373  INFO 3149 --- [main] o.a.c.c.C.[Tomcat].[localhost].[/]       : Initializing Spring embedded WebApplicationContext
2021-05-27 20:43:36.376  INFO 3149 --- [main] w.s.c.ServletWebServerApplicationContext : Root WebApplicationContext: initialization completed in 5554 ms
2021-05-27 20:43:37.823  INFO 3149 --- [main] o.hibernate.jpa.internal.util.LogHelper  : HHH000204: Processing PersistenceUnitInfo [name: default]
2021-05-27 20:43:38.032  INFO 3149 --- [main] org.hibernate.Version                    : HHH000412: Hibernate ORM core version 5.4.30.Final
2021-05-27 20:43:38.745  INFO 3149 --- [main] o.hibernate.annotations.common.Version   : HCANN000001: Hibernate Commons Annotations {5.1.2.Final}
2021-05-27 20:43:39.105  INFO 3149 --- [main] com.zaxxer.hikari.HikariDataSource       : HikariPool-1 - Starting...
2021-05-27 20:43:39.870  INFO 3149 --- [main] com.zaxxer.hikari.HikariDataSource       : HikariPool-1 - Start completed.
2021-05-27 20:43:39.908  INFO 3149 --- [main] org.hibernate.dialect.Dialect            : HHH000400: Using dialect: org.hibernate.dialect.PostgreSQLDialect
2021-05-27 20:43:43.077  INFO 3149 --- [main] o.h.e.t.j.p.i.JtaPlatformInitiator       : HHH000490: Using JtaPlatform implementation: [org.hibernate.engine.transaction.jta.platform.internal.NoJtaPlatform]
2021-05-27 20:43:43.113  INFO 3149 --- [main] j.LocalContainerEntityManagerFactoryBean : Initialized JPA EntityManagerFactory for persistence unit 'default'
2021-05-27 20:43:45.065  WARN 3149 --- [main] JpaBaseConfiguration$JpaWebConfiguration : spring.jpa.open-in-view is enabled by default. Therefore, database queries may be performed during view rendering. Explicitly configure spring.jpa.open-in-view to disable this warning
2021-05-27 20:43:46.396  INFO 3149 --- [main] o.s.s.web.DefaultSecurityFilterChain     : Will secure any request with [org.springframework.security.web.context.request.async.WebAsyncManagerIntegrationFilter@7a14ab66, org.springframework.security.web.context.SecurityContextPersistenceFilter@50628080, org.springframework.security.web.header.HeaderWriterFilter@53016c98, org.springframework.security.web.authentication.logout.LogoutFilter@5186b78a, com.deltadirac.kuskas.security.JwtAuthFilter@cbdc0f4, org.springframework.security.web.savedrequest.RequestCacheAwareFilter@1add90e0, org.springframework.security.web.servletapi.SecurityContextHolderAwareRequestFilter@70b630d, org.springframework.security.web.authentication.AnonymousAuthenticationFilter@54780c40, org.springframework.security.web.session.SessionManagementFilter@5e5a2b74, org.springframework.security.web.access.ExceptionTranslationFilter@69d1ad64, org.springframework.security.web.access.intercept.FilterSecurityInterceptor@1a7437d8]
2021-05-27 20:43:46.770  INFO 3149 --- [main] o.s.s.concurrent.ThreadPoolTaskExecutor  : Initializing ExecutorService 'applicationTaskExecutor'
2021-05-27 20:43:47.656  INFO 3149 --- [main] o.s.b.w.embedded.tomcat.TomcatWebServer  : Tomcat started on port(s): 8080 (http) with context path ''
2021-05-27 20:43:47.689  INFO 3149 --- [main] com.deltadirac.kuskas.KuskasApplication  : Started KuskasApplication in 18.319 seconds (JVM running for 19.836)
2021-05-27 20:50:48.471  INFO 3149 --- [http-nio-8080-exec-1] o.a.c.c.C.[Tomcat].[localhost].[/]       : Initializing Spring DispatcherServlet 'dispatcherServlet'
2021-05-27 20:50:48.476  INFO 3149 --- [http-nio-8080-exec-1] o.s.web.servlet.DispatcherServlet        : Initializing Servlet 'dispatcherServlet'
2021-05-27 20:50:48.484  INFO 3149 --- [http-nio-8080-exec-1] o.s.web.servlet.DispatcherServlet        : Completed initialization in 7 ms
2021-05-27 21:00:12.444  INFO 4042 --- [main] c.d.kuskas.KuskasApplicationTests        : Starting KuskasApplicationTests using Java 11.0.10 on DESKTOP-2GCACPL with PID 4042 (started by deprak in /home/deprak/kuskas-server)
2021-05-27 21:00:12.446  INFO 4042 --- [main] c.d.kuskas.KuskasApplicationTests        : The following profiles are active: dev
2021-05-27 21:00:13.549  WARN 4042 --- [background-preinit] o.s.h.c.j.Jackson2ObjectMapperBuilder    : For Jackson Kotlin classes support please add "com.fasterxml.jackson.module:jackson-module-kotlin" to the classpath
2021-05-27 21:00:14.266  INFO 4042 --- [main] .s.d.r.c.RepositoryConfigurationDelegate : Bootstrapping Spring Data JPA repositories in DEFAULT mode.
2021-05-27 21:00:14.439  INFO 4042 --- [main] .s.d.r.c.RepositoryConfigurationDelegate : Finished Spring Data repository scanning in 152 ms. Found 6 JPA repository interfaces.
2021-05-27 21:00:15.864  INFO 4042 --- [main] o.hibernate.jpa.internal.util.LogHelper  : HHH000204: Processing PersistenceUnitInfo [name: default]
2021-05-27 21:00:15.957  INFO 4042 --- [main] org.hibernate.Version                    : HHH000412: Hibernate ORM core version 5.4.30.Final
2021-05-27 21:00:16.218  INFO 4042 --- [main] o.hibernate.annotations.common.Version   : HCANN000001: Hibernate Commons Annotations {5.1.2.Final}
2021-05-27 21:00:16.479  INFO 4042 --- [main] com.zaxxer.hikari.HikariDataSource       : HikariPool-1 - Starting...
2021-05-27 21:00:17.043  INFO 4042 --- [main] com.zaxxer.hikari.HikariDataSource       : HikariPool-1 - Start completed.
2021-05-27 21:00:17.085  INFO 4042 --- [main] org.hibernate.dialect.Dialect            : HHH000400: Using dialect: org.hibernate.dialect.PostgreSQLDialect
2021-05-27 21:00:19.091  INFO 4042 --- [main] o.h.e.t.j.p.i.JtaPlatformInitiator       : HHH000490: Using JtaPlatform implementation: [org.hibernate.engine.transaction.jta.platform.internal.NoJtaPlatform]
2021-05-27 21:00:19.112  INFO 4042 --- [main] j.LocalContainerEntityManagerFactoryBean : Initialized JPA EntityManagerFactory for persistence unit 'default'
2021-05-27 21:00:20.385  WARN 4042 --- [main] JpaBaseConfiguration$JpaWebConfiguration : spring.jpa.open-in-view is enabled by default. Therefore, database queries may be performed during view rendering. Explicitly configure spring.jpa.open-in-view to disable this warning
2021-05-27 21:00:21.451  INFO 4042 --- [main] o.s.s.web.DefaultSecurityFilterChain     : Will secure any request with [org.springframework.security.web.context.request.async.WebAsyncManagerIntegrationFilter@78f35e39, org.springframework.security.web.context.SecurityContextPersistenceFilter@7d7c05fa, org.springframework.security.web.header.HeaderWriterFilter@4cd6f08b, org.springframework.security.web.authentication.logout.LogoutFilter@5b643d6e, com.deltadirac.kuskas.security.JwtAuthFilter@2e785b28, org.springframework.security.web.savedrequest.RequestCacheAwareFilter@299dd381, org.springframework.security.web.servletapi.SecurityContextHolderAwareRequestFilter@2f64f99f, org.springframework.security.web.authentication.AnonymousAuthenticationFilter@11896124, org.springframework.security.web.session.SessionManagementFilter@261099e1, org.springframework.security.web.access.ExceptionTranslationFilter@192ecf8, org.springframework.security.web.access.intercept.FilterSecurityInterceptor@9715d26]
2021-05-27 21:00:22.216  INFO 4042 --- [main] o.s.s.concurrent.ThreadPoolTaskExecutor  : Initializing ExecutorService 'applicationTaskExecutor'
2021-05-27 21:00:23.325  INFO 4042 --- [main] c.d.kuskas.KuskasApplicationTests        : Started KuskasApplicationTests in 11.623 seconds (JVM running for 13.756)
2021-05-27 21:00:23.719  INFO 4042 --- [SpringContextShutdownHook] o.s.s.concurrent.ThreadPoolTaskExecutor  : Shutting down ExecutorService 'applicationTaskExecutor'
2021-05-27 21:00:23.725  INFO 4042 --- [SpringContextShutdownHook] j.LocalContainerEntityManagerFactoryBean : Closing JPA EntityManagerFactory for persistence unit 'default'
2021-05-27 21:00:23.732  INFO 4042 --- [SpringContextShutdownHook] com.zaxxer.hikari.HikariDataSource       : HikariPool-1 - Shutdown initiated...
2021-05-27 21:00:23.876  INFO 4042 --- [SpringContextShutdownHook] com.zaxxer.hikari.HikariDataSource       : HikariPool-1 - Shutdown completed.
2021-05-27 21:03:05.959  INFO 4413 --- [main] com.deltadirac.kuskas.KuskasApplication  : Starting KuskasApplication using Java 11.0.10 on DESKTOP-2GCACPL with PID 4413 (/home/deprak/kuskas-server/target/classes started by deprak in /home/deprak/kuskas-server)
2021-05-27 21:03:05.964  INFO 4413 --- [main] com.deltadirac.kuskas.KuskasApplication  : The following profiles are active: dev
2021-05-27 21:03:07.389  WARN 4413 --- [background-preinit] o.s.h.c.j.Jackson2ObjectMapperBuilder    : For Jackson Kotlin classes support please add "com.fasterxml.jackson.module:jackson-module-kotlin" to the classpath
2021-05-27 21:03:08.549  INFO 4413 --- [main] .s.d.r.c.RepositoryConfigurationDelegate : Bootstrapping Spring Data JPA repositories in DEFAULT mode.
2021-05-27 21:03:08.759  INFO 4413 --- [main] .s.d.r.c.RepositoryConfigurationDelegate : Finished Spring Data repository scanning in 176 ms. Found 6 JPA repository interfaces.
2021-05-27 21:03:10.197  INFO 4413 --- [main] o.s.b.w.embedded.tomcat.TomcatWebServer  : Tomcat initialized with port(s): 8080 (http)
2021-05-27 21:03:10.240  INFO 4413 --- [main] o.apache.catalina.core.StandardService   : Starting service [Tomcat]
2021-05-27 21:03:10.245  INFO 4413 --- [main] org.apache.catalina.core.StandardEngine  : Starting Servlet engine: [Apache Tomcat/9.0.45]
2021-05-27 21:03:10.447  INFO 4413 --- [main] o.a.c.c.C.[Tomcat].[localhost].[/]       : Initializing Spring embedded WebApplicationContext
2021-05-27 21:03:10.454  INFO 4413 --- [main] w.s.c.ServletWebServerApplicationContext : Root WebApplicationContext: initialization completed in 4320 ms
2021-05-27 21:03:11.480  INFO 4413 --- [main] o.hibernate.jpa.internal.util.LogHelper  : HHH000204: Processing PersistenceUnitInfo [name: default]
2021-05-27 21:03:11.635  INFO 4413 --- [main] org.hibernate.Version                    : HHH000412: Hibernate ORM core version 5.4.30.Final
2021-05-27 21:03:11.943  INFO 4413 --- [main] o.hibernate.annotations.common.Version   : HCANN000001: Hibernate Commons Annotations {5.1.2.Final}
2021-05-27 21:03:12.163  INFO 4413 --- [main] com.zaxxer.hikari.HikariDataSource       : HikariPool-1 - Starting...
2021-05-27 21:03:12.783  INFO 4413 --- [main] com.zaxxer.hikari.HikariDataSource       : HikariPool-1 - Start completed.
2021-05-27 21:03:12.815  INFO 4413 --- [main] org.hibernate.dialect.Dialect            : HHH000400: Using dialect: org.hibernate.dialect.PostgreSQLDialect
2021-05-27 21:03:15.127  INFO 4413 --- [main] o.h.e.t.j.p.i.JtaPlatformInitiator       : HHH000490: Using JtaPlatform implementation: [org.hibernate.engine.transaction.jta.platform.internal.NoJtaPlatform]
2021-05-27 21:03:15.161  INFO 4413 --- [main] j.LocalContainerEntityManagerFactoryBean : Initialized JPA EntityManagerFactory for persistence unit 'default'
2021-05-27 21:03:16.085  WARN 4413 --- [main] JpaBaseConfiguration$JpaWebConfiguration : spring.jpa.open-in-view is enabled by default. Therefore, database queries may be performed during view rendering. Explicitly configure spring.jpa.open-in-view to disable this warning
2021-05-27 21:03:17.074  INFO 4413 --- [main] o.s.s.web.DefaultSecurityFilterChain     : Will secure any request with [org.springframework.security.web.context.request.async.WebAsyncManagerIntegrationFilter@3b590f6a, org.springframework.security.web.context.SecurityContextPersistenceFilter@5f8d4b51, org.springframework.security.web.header.HeaderWriterFilter@57f83c82, org.springframework.security.web.authentication.logout.LogoutFilter@6127ef86, com.deltadirac.kuskas.security.JwtAuthFilter@96dfcbb, org.springframework.security.web.savedrequest.RequestCacheAwareFilter@5e5a2b74, org.springframework.security.web.servletapi.SecurityContextHolderAwareRequestFilter@44ec4a38, org.springframework.security.web.authentication.AnonymousAuthenticationFilter@1e160a9e, org.springframework.security.web.session.SessionManagementFilter@297454f7, org.springframework.security.web.access.ExceptionTranslationFilter@2696b687, org.springframework.security.web.access.intercept.FilterSecurityInterceptor@7a75183d]
2021-05-27 21:03:17.430  INFO 4413 --- [main] o.s.s.concurrent.ThreadPoolTaskExecutor  : Initializing ExecutorService 'applicationTaskExecutor'
2021-05-27 21:03:18.245  INFO 4413 --- [main] o.s.b.w.embedded.tomcat.TomcatWebServer  : Tomcat started on port(s): 8080 (http) with context path ''
2021-05-27 21:03:18.277  INFO 4413 --- [main] com.deltadirac.kuskas.KuskasApplication  : Started KuskasApplication in 13.475 seconds (JVM running for 14.62)
2021-05-27 21:03:47.586  INFO 4413 --- [http-nio-8080-exec-3] o.a.c.c.C.[Tomcat].[localhost].[/]       : Initializing Spring DispatcherServlet 'dispatcherServlet'
2021-05-27 21:03:47.586  INFO 4413 --- [http-nio-8080-exec-3] o.s.web.servlet.DispatcherServlet        : Initializing Servlet 'dispatcherServlet'
2021-05-27 21:03:47.591  INFO 4413 --- [http-nio-8080-exec-3] o.s.web.servlet.DispatcherServlet        : Completed initialization in 4 ms
2021-05-27 21:04:35.139 ERROR 4413 --- [http-nio-8080-exec-5] o.a.c.c.C.[.[.[/].[dispatcherServlet]    : Servlet.service() for servlet [dispatcherServlet] in context with path [] threw exception [Request processing failed; nested exception is org.springframework.transaction.TransactionSystemException: Could not commit JPA transaction; nested exception is javax.persistence.RollbackException: Error while committing the transaction] with root cause

javax.validation.ConstraintViolationException: Validation failed for classes [com.deltadirac.kuskas.model.Forum] during persist time for groups [javax.validation.groups.Default, ]
List of constraint violations:[
	ConstraintViolationImpl{interpolatedMessage='forum name must not be empty', propertyPath=name, rootBeanClass=class com.deltadirac.kuskas.model.Forum, messageTemplate='forum name must not be empty'}
	ConstraintViolationImpl{interpolatedMessage='forum descrption must not be empty', propertyPath=description, rootBeanClass=class com.deltadirac.kuskas.model.Forum, messageTemplate='forum descrption must not be empty'}
]
	at org.hibernate.cfg.beanvalidation.BeanValidationEventListener.validate(BeanValidationEventListener.java:140) ~[hibernate-core-5.4.30.Final.jar:5.4.30.Final]
	at org.hibernate.cfg.beanvalidation.BeanValidationEventListener.onPreInsert(BeanValidationEventListener.java:80) ~[hibernate-core-5.4.30.Final.jar:5.4.30.Final]
	at org.hibernate.action.internal.EntityInsertAction.preInsert(EntityInsertAction.java:214) ~[hibernate-core-5.4.30.Final.jar:5.4.30.Final]
	at org.hibernate.action.internal.EntityInsertAction.execute(EntityInsertAction.java:100) ~[hibernate-core-5.4.30.Final.jar:5.4.30.Final]
	at org.hibernate.engine.spi.ActionQueue.executeActions(ActionQueue.java:604) ~[hibernate-core-5.4.30.Final.jar:5.4.30.Final]
	at org.hibernate.engine.spi.ActionQueue.lambda$executeActions$1(ActionQueue.java:478) ~[hibernate-core-5.4.30.Final.jar:5.4.30.Final]
	at java.base/java.util.LinkedHashMap.forEach(LinkedHashMap.java:684) ~[na:na]
	at org.hibernate.engine.spi.ActionQueue.executeActions(ActionQueue.java:475) ~[hibernate-core-5.4.30.Final.jar:5.4.30.Final]
	at org.hibernate.event.internal.AbstractFlushingEventListener.performExecutions(AbstractFlushingEventListener.java:345) ~[hibernate-core-5.4.30.Final.jar:5.4.30.Final]
	at org.hibernate.event.internal.DefaultFlushEventListener.onFlush(DefaultFlushEventListener.java:40) ~[hibernate-core-5.4.30.Final.jar:5.4.30.Final]
	at org.hibernate.event.service.internal.EventListenerGroupImpl.fireEventOnEachListener(EventListenerGroupImpl.java:93) ~[hibernate-core-5.4.30.Final.jar:5.4.30.Final]
	at org.hibernate.internal.SessionImpl.doFlush(SessionImpl.java:1362) ~[hibernate-core-5.4.30.Final.jar:5.4.30.Final]
	at org.hibernate.internal.SessionImpl.managedFlush(SessionImpl.java:453) ~[hibernate-core-5.4.30.Final.jar:5.4.30.Final]
	at org.hibernate.internal.SessionImpl.flushBeforeTransactionCompletion(SessionImpl.java:3212) ~[hibernate-core-5.4.30.Final.jar:5.4.30.Final]
	at org.hibernate.internal.SessionImpl.beforeTransactionCompletion(SessionImpl.java:2380) ~[hibernate-core-5.4.30.Final.jar:5.4.30.Final]
	at org.hibernate.engine.jdbc.internal.JdbcCoordinatorImpl.beforeTransactionCompletion(JdbcCoordinatorImpl.java:447) ~[hibernate-core-5.4.30.Final.jar:5.4.30.Final]
	at org.hibernate.resource.transaction.backend.jdbc.internal.JdbcResourceLocalTransactionCoordinatorImpl.beforeCompletionCallback(JdbcResourceLocalTransactionCoordinatorImpl.java:183) ~[hibernate-core-5.4.30.Final.jar:5.4.30.Final]
	at org.hibernate.resource.transaction.backend.jdbc.internal.JdbcResourceLocalTransactionCoordinatorImpl.access$300(JdbcResourceLocalTransactionCoordinatorImpl.java:40) ~[hibernate-core-5.4.30.Final.jar:5.4.30.Final]
	at org.hibernate.resource.transaction.backend.jdbc.internal.JdbcResourceLocalTransactionCoordinatorImpl$TransactionDriverControlImpl.commit(JdbcResourceLocalTransactionCoordinatorImpl.java:281) ~[hibernate-core-5.4.30.Final.jar:5.4.30.Final]
	at org.hibernate.engine.transaction.internal.TransactionImpl.commit(TransactionImpl.java:101) ~[hibernate-core-5.4.30.Final.jar:5.4.30.Final]
	at org.springframework.orm.jpa.JpaTransactionManager.doCommit(JpaTransactionManager.java:562) ~[spring-orm-5.3.6.jar:5.3.6]
	at org.springframework.transaction.support.AbstractPlatformTransactionManager.processCommit(AbstractPlatformTransactionManager.java:743) ~[spring-tx-5.3.6.jar:5.3.6]
	at org.springframework.transaction.support.AbstractPlatformTransactionManager.commit(AbstractPlatformTransactionManager.java:711) ~[spring-tx-5.3.6.jar:5.3.6]
	at org.springframework.transaction.interceptor.TransactionAspectSupport.commitTransactionAfterReturning(TransactionAspectSupport.java:654) ~[spring-tx-5.3.6.jar:5.3.6]
	at org.springframework.transaction.interceptor.TransactionAspectSupport.invokeWithinTransaction(TransactionAspectSupport.java:407) ~[spring-tx-5.3.6.jar:5.3.6]
	at org.springframework.transaction.interceptor.TransactionInterceptor.invoke(TransactionInterceptor.java:119) ~[spring-tx-5.3.6.jar:5.3.6]
	at org.springframework.aop.framework.ReflectiveMethodInvocation.proceed(ReflectiveMethodInvocation.java:186) ~[spring-aop-5.3.6.jar:5.3.6]
	at org.springframework.aop.framework.CglibAopProxy$CglibMethodInvocation.proceed(CglibAopProxy.java:750) ~[spring-aop-5.3.6.jar:5.3.6]
	at org.springframework.aop.framework.CglibAopProxy$DynamicAdvisedInterceptor.intercept(CglibAopProxy.java:692) ~[spring-aop-5.3.6.jar:5.3.6]
	at com.deltadirac.kuskas.service.ForumService$$EnhancerBySpringCGLIB$$898bacc6.save(<generated>) ~[classes/:na]
	at com.deltadirac.kuskas.controller.ForumController.create(ForumController.java:38) ~[classes/:na]
	at java.base/jdk.internal.reflect.NativeMethodAccessorImpl.invoke0(Native Method) ~[na:na]
	at java.base/jdk.internal.reflect.NativeMethodAccessorImpl.invoke(NativeMethodAccessorImpl.java:62) ~[na:na]
	at java.base/jdk.internal.reflect.DelegatingMethodAccessorImpl.invoke(DelegatingMethodAccessorImpl.java:43) ~[na:na]
	at java.base/java.lang.reflect.Method.invoke(Method.java:566) ~[na:na]
	at org.springframework.web.method.support.InvocableHandlerMethod.doInvoke(InvocableHandlerMethod.java:197) ~[spring-web-5.3.6.jar:5.3.6]
	at org.springframework.web.method.support.InvocableHandlerMethod.invokeForRequest(InvocableHandlerMethod.java:141) ~[spring-web-5.3.6.jar:5.3.6]
	at org.springframework.web.servlet.mvc.method.annotation.ServletInvocableHandlerMethod.invokeAndHandle(ServletInvocableHandlerMethod.java:106) ~[spring-webmvc-5.3.6.jar:5.3.6]
	at org.springframework.web.servlet.mvc.method.annotation.RequestMappingHandlerAdapter.invokeHandlerMethod(RequestMappingHandlerAdapter.java:894) ~[spring-webmvc-5.3.6.jar:5.3.6]
	at org.springframework.web.servlet.mvc.method.annotation.RequestMappingHandlerAdapter.handleInternal(RequestMappingHandlerAdapter.java:808) ~[spring-webmvc-5.3.6.jar:5.3.6]
	at org.springframework.web.servlet.mvc.method.AbstractHandlerMethodAdapter.handle(AbstractHandlerMethodAdapter.java:87) ~[spring-webmvc-5.3.6.jar:5.3.6]
	at org.springframework.web.servlet.DispatcherServlet.doDispatch(DispatcherServlet.java:1060) ~[spring-webmvc-5.3.6.jar:5.3.6]
	at org.springframework.web.servlet.DispatcherServlet.doService(DispatcherServlet.java:962) ~[spring-webmvc-5.3.6.jar:5.3.6]
	at org.springframework.web.servlet.FrameworkServlet.processRequest(FrameworkServlet.java:1006) ~[spring-webmvc-5.3.6.jar:5.3.6]
	at org.springframework.web.servlet.FrameworkServlet.doPost(FrameworkServlet.java:909) ~[spring-webmvc-5.3.6.jar:5.3.6]
	at javax.servlet.http.HttpServlet.service(HttpServlet.java:652) ~[tomcat-embed-core-9.0.45.jar:4.0.FR]
	at org.springframework.web.servlet.FrameworkServlet.service(FrameworkServlet.java:883) ~[spring-webmvc-5.3.6.jar:5.3.6]
	at javax.servlet.http.HttpServlet.service(HttpServlet.java:733) ~[tomcat-embed-core-9.0.45.jar:4.0.FR]
	at org.apache.catalina.core.ApplicationFilterChain.internalDoFilter(ApplicationFilterChain.java:227) ~[tomcat-embed-core-9.0.45.jar:9.0.45]
	at org.apache.catalina.core.ApplicationFilterChain.doFilter(ApplicationFilterChain.java:162) ~[tomcat-embed-core-9.0.45.jar:9.0.45]
	at org.apache.tomcat.websocket.server.WsFilter.doFilter(WsFilter.java:53) ~[tomcat-embed-websocket-9.0.45.jar:9.0.45]
	at org.apache.catalina.core.ApplicationFilterChain.internalDoFilter(ApplicationFilterChain.java:189) ~[tomcat-embed-core-9.0.45.jar:9.0.45]
	at org.apache.catalina.core.ApplicationFilterChain.doFilter(ApplicationFilterChain.java:162) ~[tomcat-embed-core-9.0.45.jar:9.0.45]
	at org.springframework.web.filter.OncePerRequestFilter.doFilter(OncePerRequestFilter.java:113) ~[spring-web-5.3.6.jar:5.3.6]
	at org.apache.catalina.core.ApplicationFilterChain.internalDoFilter(ApplicationFilterChain.java:189) ~[tomcat-embed-core-9.0.45.jar:9.0.45]
	at org.apache.catalina.core.ApplicationFilterChain.doFilter(ApplicationFilterChain.java:162) ~[tomcat-embed-core-9.0.45.jar:9.0.45]
	at org.springframework.security.web.FilterChainProxy$VirtualFilterChain.doFilter(FilterChainProxy.java:327) ~[spring-security-web-5.4.6.jar:5.4.6]
	at org.springframework.security.web.access.intercept.FilterSecurityInterceptor.invoke(FilterSecurityInterceptor.java:115) ~[spring-security-web-5.4.6.jar:5.4.6]
	at org.springframework.security.web.access.intercept.FilterSecurityInterceptor.doFilter(FilterSecurityInterceptor.java:81) ~[spring-security-web-5.4.6.jar:5.4.6]
	at org.springframework.security.web.FilterChainProxy$VirtualFilterChain.doFilter(FilterChainProxy.java:336) ~[spring-security-web-5.4.6.jar:5.4.6]
	at org.springframework.security.web.access.ExceptionTranslationFilter.doFilter(ExceptionTranslationFilter.java:119) ~[spring-security-web-5.4.6.jar:5.4.6]
	at org.springframework.security.web.access.ExceptionTranslationFilter.doFilter(ExceptionTranslationFilter.java:113) ~[spring-security-web-5.4.6.jar:5.4.6]
	at org.springframework.security.web.FilterChainProxy$VirtualFilterChain.doFilter(FilterChainProxy.java:336) ~[spring-security-web-5.4.6.jar:5.4.6]
	at org.springframework.security.web.session.SessionManagementFilter.doFilter(SessionManagementFilter.java:126) ~[spring-security-web-5.4.6.jar:5.4.6]
	at org.springframework.security.web.session.SessionManagementFilter.doFilter(SessionManagementFilter.java:81) ~[spring-security-web-5.4.6.jar:5.4.6]
	at org.springframework.security.web.FilterChainProxy$VirtualFilterChain.doFilter(FilterChainProxy.java:336) ~[spring-security-web-5.4.6.jar:5.4.6]
	at org.springframework.security.web.authentication.AnonymousAuthenticationFilter.doFilter(AnonymousAuthenticationFilter.java:105) ~[spring-security-web-5.4.6.jar:5.4.6]
	at org.springframework.security.web.FilterChainProxy$VirtualFilterChain.doFilter(FilterChainProxy.java:336) ~[spring-security-web-5.4.6.jar:5.4.6]
	at org.springframework.security.web.servletapi.SecurityContextHolderAwareRequestFilter.doFilter(SecurityContextHolderAwareRequestFilter.java:149) ~[spring-security-web-5.4.6.jar:5.4.6]
	at org.springframework.security.web.FilterChainProxy$VirtualFilterChain.doFilter(FilterChainProxy.java:336) ~[spring-security-web-5.4.6.jar:5.4.6]
	at org.springframework.security.web.savedrequest.RequestCacheAwareFilter.doFilter(RequestCacheAwareFilter.java:63) ~[spring-security-web-5.4.6.jar:5.4.6]
	at org.springframework.security.web.FilterChainProxy$VirtualFilterChain.doFilter(FilterChainProxy.java:336) ~[spring-security-web-5.4.6.jar:5.4.6]
	at com.deltadirac.kuskas.security.JwtAuthFilter.doFilterInternal(JwtAuthFilter.java:46) ~[classes/:na]
	at org.springframework.web.filter.OncePerRequestFilter.doFilter(OncePerRequestFilter.java:119) ~[spring-web-5.3.6.jar:5.3.6]
	at org.springframework.security.web.FilterChainProxy$VirtualFilterChain.doFilter(FilterChainProxy.java:336) ~[spring-security-web-5.4.6.jar:5.4.6]
	at org.springframework.security.web.authentication.logout.LogoutFilter.doFilter(LogoutFilter.java:103) ~[spring-security-web-5.4.6.jar:5.4.6]
	at org.springframework.security.web.authentication.logout.LogoutFilter.doFilter(LogoutFilter.java:89) ~[spring-security-web-5.4.6.jar:5.4.6]
	at org.springframework.security.web.FilterChainProxy$VirtualFilterChain.doFilter(FilterChainProxy.java:336) ~[spring-security-web-5.4.6.jar:5.4.6]
	at org.springframework.security.web.header.HeaderWriterFilter.doHeadersAfter(HeaderWriterFilter.java:90) ~[spring-security-web-5.4.6.jar:5.4.6]
	at org.springframework.security.web.header.HeaderWriterFilter.doFilterInternal(HeaderWriterFilter.java:75) ~[spring-security-web-5.4.6.jar:5.4.6]
	at org.springframework.web.filter.OncePerRequestFilter.doFilter(OncePerRequestFilter.java:119) ~[spring-web-5.3.6.jar:5.3.6]
	at org.springframework.security.web.FilterChainProxy$VirtualFilterChain.doFilter(FilterChainProxy.java:336) ~[spring-security-web-5.4.6.jar:5.4.6]
	at org.springframework.security.web.context.SecurityContextPersistenceFilter.doFilter(SecurityContextPersistenceFilter.java:110) ~[spring-security-web-5.4.6.jar:5.4.6]
	at org.springframework.security.web.context.SecurityContextPersistenceFilter.doFilter(SecurityContextPersistenceFilter.java:80) ~[spring-security-web-5.4.6.jar:5.4.6]
	at org.springframework.security.web.FilterChainProxy$VirtualFilterChain.doFilter(FilterChainProxy.java:336) ~[spring-security-web-5.4.6.jar:5.4.6]
	at org.springframework.security.web.context.request.async.WebAsyncManagerIntegrationFilter.doFilterInternal(WebAsyncManagerIntegrationFilter.java:55) ~[spring-security-web-5.4.6.jar:5.4.6]
	at org.springframework.web.filter.OncePerRequestFilter.doFilter(OncePerRequestFilter.java:119) ~[spring-web-5.3.6.jar:5.3.6]
	at org.springframework.security.web.FilterChainProxy$VirtualFilterChain.doFilter(FilterChainProxy.java:336) ~[spring-security-web-5.4.6.jar:5.4.6]
	at org.springframework.security.web.FilterChainProxy.doFilterInternal(FilterChainProxy.java:211) ~[spring-security-web-5.4.6.jar:5.4.6]
	at org.springframework.security.web.FilterChainProxy.doFilter(FilterChainProxy.java:183) ~[spring-security-web-5.4.6.jar:5.4.6]
	at org.springframework.web.filter.DelegatingFilterProxy.invokeDelegate(DelegatingFilterProxy.java:358) ~[spring-web-5.3.6.jar:5.3.6]
	at org.springframework.web.filter.DelegatingFilterProxy.doFilter(DelegatingFilterProxy.java:271) ~[spring-web-5.3.6.jar:5.3.6]
	at org.apache.catalina.core.ApplicationFilterChain.internalDoFilter(ApplicationFilterChain.java:189) ~[tomcat-embed-core-9.0.45.jar:9.0.45]
	at org.apache.catalina.core.ApplicationFilterChain.doFilter(ApplicationFilterChain.java:162) ~[tomcat-embed-core-9.0.45.jar:9.0.45]
	at org.springframework.web.filter.RequestContextFilter.doFilterInternal(RequestContextFilter.java:100) ~[spring-web-5.3.6.jar:5.3.6]
	at org.springframework.web.filter.OncePerRequestFilter.doFilter(OncePerRequestFilter.java:119) ~[spring-web-5.3.6.jar:5.3.6]
	at org.apache.catalina.core.ApplicationFilterChain.internalDoFilter(ApplicationFilterChain.java:189) ~[tomcat-embed-core-9.0.45.jar:9.0.45]
	at org.apache.catalina.core.ApplicationFilterChain.doFilter(ApplicationFilterChain.java:162) ~[tomcat-embed-core-9.0.45.jar:9.0.45]
	at org.springframework.web.filter.FormContentFilter.doFilterInternal(FormContentFilter.java:93) ~[spring-web-5.3.6.jar:5.3.6]
	at org.springframework.web.filter.OncePerRequestFilter.doFilter(OncePerRequestFilter.java:119) ~[spring-web-5.3.6.jar:5.3.6]
	at org.apache.catalina.core.ApplicationFilterChain.internalDoFilter(ApplicationFilterChain.java:189) ~[tomcat-embed-core-9.0.45.jar:9.0.45]
	at org.apache.catalina.core.ApplicationFilterChain.doFilter(ApplicationFilterChain.java:162) ~[tomcat-embed-core-9.0.45.jar:9.0.45]
	at org.springframework.web.filter.CharacterEncodingFilter.doFilterInternal(CharacterEncodingFilter.java:201) ~[spring-web-5.3.6.jar:5.3.6]
	at org.springframework.web.filter.OncePerRequestFilter.doFilter(OncePerRequestFilter.java:119) ~[spring-web-5.3.6.jar:5.3.6]
	at org.apache.catalina.core.ApplicationFilterChain.internalDoFilter(ApplicationFilterChain.java:189) ~[tomcat-embed-core-9.0.45.jar:9.0.45]
	at org.apache.catalina.core.ApplicationFilterChain.doFilter(ApplicationFilterChain.java:162) ~[tomcat-embed-core-9.0.45.jar:9.0.45]
	at org.apache.catalina.core.StandardWrapperValve.invoke(StandardWrapperValve.java:202) ~[tomcat-embed-core-9.0.45.jar:9.0.45]
	at org.apache.catalina.core.StandardContextValve.invoke(StandardContextValve.java:97) ~[tomcat-embed-core-9.0.45.jar:9.0.45]
	at org.apache.catalina.authenticator.AuthenticatorBase.invoke(AuthenticatorBase.java:542) ~[tomcat-embed-core-9.0.45.jar:9.0.45]
	at org.apache.catalina.core.StandardHostValve.invoke(StandardHostValve.java:143) ~[tomcat-embed-core-9.0.45.jar:9.0.45]
	at org.apache.catalina.valves.ErrorReportValve.invoke(ErrorReportValve.java:92) ~[tomcat-embed-core-9.0.45.jar:9.0.45]
	at org.apache.catalina.core.StandardEngineValve.invoke(StandardEngineValve.java:78) ~[tomcat-embed-core-9.0.45.jar:9.0.45]
	at org.apache.catalina.connector.CoyoteAdapter.service(CoyoteAdapter.java:357) ~[tomcat-embed-core-9.0.45.jar:9.0.45]
	at org.apache.coyote.http11.Http11Processor.service(Http11Processor.java:374) ~[tomcat-embed-core-9.0.45.jar:9.0.45]
	at org.apache.coyote.AbstractProcessorLight.process(AbstractProcessorLight.java:65) ~[tomcat-embed-core-9.0.45.jar:9.0.45]
	at org.apache.coyote.AbstractProtocol$ConnectionHandler.process(AbstractProtocol.java:893) ~[tomcat-embed-core-9.0.45.jar:9.0.45]
	at org.apache.tomcat.util.net.NioEndpoint$SocketProcessor.doRun(NioEndpoint.java:1707) ~[tomcat-embed-core-9.0.45.jar:9.0.45]
	at org.apache.tomcat.util.net.SocketProcessorBase.run(SocketProcessorBase.java:49) ~[tomcat-embed-core-9.0.45.jar:9.0.45]
	at java.base/java.util.concurrent.ThreadPoolExecutor.runWorker(ThreadPoolExecutor.java:1128) ~[na:na]
	at java.base/java.util.concurrent.ThreadPoolExecutor$Worker.run(ThreadPoolExecutor.java:628) ~[na:na]
	at org.apache.tomcat.util.threads.TaskThread$WrappingRunnable.run(TaskThread.java:61) ~[tomcat-embed-core-9.0.45.jar:9.0.45]
	at java.base/java.lang.Thread.run(Thread.java:834) ~[na:na]

2021-05-27 21:05:31.695  INFO 4575 --- [main] com.deltadirac.kuskas.KuskasApplication  : Starting KuskasApplication using Java 11.0.10 on DESKTOP-2GCACPL with PID 4575 (/home/deprak/kuskas-server/target/classes started by deprak in /home/deprak/kuskas-server)
2021-05-27 21:05:31.701  INFO 4575 --- [main] com.deltadirac.kuskas.KuskasApplication  : The following profiles are active: dev
2021-05-27 21:05:33.404  WARN 4575 --- [background-preinit] o.s.h.c.j.Jackson2ObjectMapperBuilder    : For Jackson Kotlin classes support please add "com.fasterxml.jackson.module:jackson-module-kotlin" to the classpath
2021-05-27 21:05:35.174  INFO 4575 --- [main] .s.d.r.c.RepositoryConfigurationDelegate : Bootstrapping Spring Data JPA repositories in DEFAULT mode.
2021-05-27 21:05:35.359  INFO 4575 --- [main] .s.d.r.c.RepositoryConfigurationDelegate : Finished Spring Data repository scanning in 162 ms. Found 6 JPA repository interfaces.
2021-05-27 21:05:38.061  INFO 4575 --- [main] o.s.b.w.embedded.tomcat.TomcatWebServer  : Tomcat initialized with port(s): 8080 (http)
2021-05-27 21:05:38.117  INFO 4575 --- [main] o.apache.catalina.core.StandardService   : Starting service [Tomcat]
2021-05-27 21:05:38.118  INFO 4575 --- [main] org.apache.catalina.core.StandardEngine  : Starting Servlet engine: [Apache Tomcat/9.0.45]
2021-05-27 21:05:38.464  INFO 4575 --- [main] o.a.c.c.C.[Tomcat].[localhost].[/]       : Initializing Spring embedded WebApplicationContext
2021-05-27 21:05:38.465  INFO 4575 --- [main] w.s.c.ServletWebServerApplicationContext : Root WebApplicationContext: initialization completed in 6591 ms
2021-05-27 21:05:39.384  INFO 4575 --- [main] o.hibernate.jpa.internal.util.LogHelper  : HHH000204: Processing PersistenceUnitInfo [name: default]
2021-05-27 21:05:39.497  INFO 4575 --- [main] org.hibernate.Version                    : HHH000412: Hibernate ORM core version 5.4.30.Final
2021-05-27 21:05:39.819  INFO 4575 --- [main] o.hibernate.annotations.common.Version   : HCANN000001: Hibernate Commons Annotations {5.1.2.Final}
2021-05-27 21:05:40.071  INFO 4575 --- [main] com.zaxxer.hikari.HikariDataSource       : HikariPool-1 - Starting...
2021-05-27 21:05:40.639  INFO 4575 --- [main] com.zaxxer.hikari.HikariDataSource       : HikariPool-1 - Start completed.
2021-05-27 21:05:40.689  INFO 4575 --- [main] org.hibernate.dialect.Dialect            : HHH000400: Using dialect: org.hibernate.dialect.PostgreSQLDialect
2021-05-27 21:05:42.986  INFO 4575 --- [main] o.h.e.t.j.p.i.JtaPlatformInitiator       : HHH000490: Using JtaPlatform implementation: [org.hibernate.engine.transaction.jta.platform.internal.NoJtaPlatform]
2021-05-27 21:05:43.025  INFO 4575 --- [main] j.LocalContainerEntityManagerFactoryBean : Initialized JPA EntityManagerFactory for persistence unit 'default'
2021-05-27 21:05:43.967  WARN 4575 --- [main] JpaBaseConfiguration$JpaWebConfiguration : spring.jpa.open-in-view is enabled by default. Therefore, database queries may be performed during view rendering. Explicitly configure spring.jpa.open-in-view to disable this warning
2021-05-27 21:05:44.944  INFO 4575 --- [main] o.s.s.web.DefaultSecurityFilterChain     : Will secure any request with [org.springframework.security.web.context.request.async.WebAsyncManagerIntegrationFilter@9c5d76b, org.springframework.security.web.context.SecurityContextPersistenceFilter@658098a2, org.springframework.security.web.header.HeaderWriterFilter@458b4487, org.springframework.security.web.authentication.logout.LogoutFilter@f833223, com.deltadirac.kuskas.security.JwtAuthFilter@6c8d638a, org.springframework.security.web.savedrequest.RequestCacheAwareFilter@155318b5, org.springframework.security.web.servletapi.SecurityContextHolderAwareRequestFilter@2190508d, org.springframework.security.web.authentication.AnonymousAuthenticationFilter@7a14ab66, org.springframework.security.web.session.SessionManagementFilter@55821edf, org.springframework.security.web.access.ExceptionTranslationFilter@7a600e21, org.springframework.security.web.access.intercept.FilterSecurityInterceptor@48126a17]
2021-05-27 21:05:45.287  INFO 4575 --- [main] o.s.s.concurrent.ThreadPoolTaskExecutor  : Initializing ExecutorService 'applicationTaskExecutor'
2021-05-27 21:05:45.981  INFO 4575 --- [main] o.s.b.w.embedded.tomcat.TomcatWebServer  : Tomcat started on port(s): 8080 (http) with context path ''
2021-05-27 21:05:46.032  INFO 4575 --- [main] com.deltadirac.kuskas.KuskasApplication  : Started KuskasApplication in 15.491 seconds (JVM running for 17.862)
2021-05-27 21:06:04.806  INFO 4575 --- [http-nio-8080-exec-2] o.a.c.c.C.[Tomcat].[localhost].[/]       : Initializing Spring DispatcherServlet 'dispatcherServlet'
2021-05-27 21:06:04.808  INFO 4575 --- [http-nio-8080-exec-2] o.s.web.servlet.DispatcherServlet        : Initializing Servlet 'dispatcherServlet'
2021-05-27 21:06:04.815  INFO 4575 --- [http-nio-8080-exec-2] o.s.web.servlet.DispatcherServlet        : Completed initialization in 7 ms
2021-05-27 21:09:17.481  INFO 4704 --- [main] com.deltadirac.kuskas.KuskasApplication  : Starting KuskasApplication using Java 11.0.10 on DESKTOP-2GCACPL with PID 4704 (/home/deprak/kuskas-server/target/classes started by deprak in /home/deprak/kuskas-server)
2021-05-27 21:09:17.487  INFO 4704 --- [main] com.deltadirac.kuskas.KuskasApplication  : The following profiles are active: dev
2021-05-27 21:09:19.404  WARN 4704 --- [background-preinit] o.s.h.c.j.Jackson2ObjectMapperBuilder    : For Jackson Kotlin classes support please add "com.fasterxml.jackson.module:jackson-module-kotlin" to the classpath
2021-05-27 21:09:21.695  INFO 4704 --- [main] .s.d.r.c.RepositoryConfigurationDelegate : Bootstrapping Spring Data JPA repositories in DEFAULT mode.
2021-05-27 21:09:22.391  INFO 4704 --- [main] .s.d.r.c.RepositoryConfigurationDelegate : Finished Spring Data repository scanning in 640 ms. Found 6 JPA repository interfaces.
2021-05-27 21:09:26.899  INFO 4704 --- [main] o.s.b.w.embedded.tomcat.TomcatWebServer  : Tomcat initialized with port(s): 8080 (http)
2021-05-27 21:09:26.979  INFO 4704 --- [main] o.apache.catalina.core.StandardService   : Starting service [Tomcat]
2021-05-27 21:09:26.980  INFO 4704 --- [main] org.apache.catalina.core.StandardEngine  : Starting Servlet engine: [Apache Tomcat/9.0.45]
2021-05-27 21:09:27.484  INFO 4704 --- [main] o.a.c.c.C.[Tomcat].[localhost].[/]       : Initializing Spring embedded WebApplicationContext
2021-05-27 21:09:27.485  INFO 4704 --- [main] w.s.c.ServletWebServerApplicationContext : Root WebApplicationContext: initialization completed in 9849 ms
2021-05-27 21:09:29.122  INFO 4704 --- [main] o.hibernate.jpa.internal.util.LogHelper  : HHH000204: Processing PersistenceUnitInfo [name: default]
2021-05-27 21:09:29.314  INFO 4704 --- [main] org.hibernate.Version                    : HHH000412: Hibernate ORM core version 5.4.30.Final
2021-05-27 21:09:29.746  INFO 4704 --- [main] o.hibernate.annotations.common.Version   : HCANN000001: Hibernate Commons Annotations {5.1.2.Final}
2021-05-27 21:09:30.011  INFO 4704 --- [main] com.zaxxer.hikari.HikariDataSource       : HikariPool-1 - Starting...
2021-05-27 21:09:30.724  INFO 4704 --- [main] com.zaxxer.hikari.HikariDataSource       : HikariPool-1 - Start completed.
2021-05-27 21:09:30.773  INFO 4704 --- [main] org.hibernate.dialect.Dialect            : HHH000400: Using dialect: org.hibernate.dialect.PostgreSQLDialect
2021-05-27 21:09:33.592  INFO 4704 --- [main] o.h.e.t.j.p.i.JtaPlatformInitiator       : HHH000490: Using JtaPlatform implementation: [org.hibernate.engine.transaction.jta.platform.internal.NoJtaPlatform]
2021-05-27 21:09:33.619  INFO 4704 --- [main] j.LocalContainerEntityManagerFactoryBean : Initialized JPA EntityManagerFactory for persistence unit 'default'
2021-05-27 21:09:34.778  WARN 4704 --- [main] JpaBaseConfiguration$JpaWebConfiguration : spring.jpa.open-in-view is enabled by default. Therefore, database queries may be performed during view rendering. Explicitly configure spring.jpa.open-in-view to disable this warning
2021-05-27 21:09:35.938  INFO 4704 --- [main] o.s.s.web.DefaultSecurityFilterChain     : Will secure any request with [org.springframework.security.web.context.request.async.WebAsyncManagerIntegrationFilter@6ac83e67, org.springframework.security.web.context.SecurityContextPersistenceFilter@1add90e0, org.springframework.security.web.header.HeaderWriterFilter@4db4431b, org.springframework.security.web.authentication.logout.LogoutFilter@1e749235, com.deltadirac.kuskas.security.JwtAuthFilter@2b82018, org.springframework.security.web.savedrequest.RequestCacheAwareFilter@3fdbb7ee, org.springframework.security.web.servletapi.SecurityContextHolderAwareRequestFilter@5036a286, org.springframework.security.web.authentication.AnonymousAuthenticationFilter@4d91d2da, org.springframework.security.web.session.SessionManagementFilter@50628080, org.springframework.security.web.access.ExceptionTranslationFilter@53016c98, org.springframework.security.web.access.intercept.FilterSecurityInterceptor@5b31a9e3]
2021-05-27 21:09:36.361  INFO 4704 --- [main] o.s.s.concurrent.ThreadPoolTaskExecutor  : Initializing ExecutorService 'applicationTaskExecutor'
2021-05-27 21:09:37.381  INFO 4704 --- [main] o.s.b.w.embedded.tomcat.TomcatWebServer  : Tomcat started on port(s): 8080 (http) with context path ''
2021-05-27 21:09:37.446  INFO 4704 --- [main] com.deltadirac.kuskas.KuskasApplication  : Started KuskasApplication in 21.026 seconds (JVM running for 22.8)
2021-05-27 21:09:46.841  INFO 4704 --- [http-nio-8080-exec-1] o.a.c.c.C.[Tomcat].[localhost].[/]       : Initializing Spring DispatcherServlet 'dispatcherServlet'
2021-05-27 21:09:46.844  INFO 4704 --- [http-nio-8080-exec-1] o.s.web.servlet.DispatcherServlet        : Initializing Servlet 'dispatcherServlet'
2021-05-27 21:09:46.879  INFO 4704 --- [http-nio-8080-exec-1] o.s.web.servlet.DispatcherServlet        : Completed initialization in 34 ms
2021-05-27 21:10:52.780  INFO 4873 --- [main] com.deltadirac.kuskas.KuskasApplication  : Starting KuskasApplication using Java 11.0.10 on DESKTOP-2GCACPL with PID 4873 (/home/deprak/kuskas-server/target/classes started by deprak in /home/deprak/kuskas-server)
2021-05-27 21:10:52.795  INFO 4873 --- [main] com.deltadirac.kuskas.KuskasApplication  : The following profiles are active: dev
2021-05-27 21:10:54.484  WARN 4873 --- [background-preinit] o.s.h.c.j.Jackson2ObjectMapperBuilder    : For Jackson Kotlin classes support please add "com.fasterxml.jackson.module:jackson-module-kotlin" to the classpath
2021-05-27 21:10:55.279  INFO 4873 --- [main] .s.d.r.c.RepositoryConfigurationDelegate : Bootstrapping Spring Data JPA repositories in DEFAULT mode.
2021-05-27 21:10:55.466  INFO 4873 --- [main] .s.d.r.c.RepositoryConfigurationDelegate : Finished Spring Data repository scanning in 164 ms. Found 6 JPA repository interfaces.
2021-05-27 21:10:56.984  INFO 4873 --- [main] o.s.b.w.embedded.tomcat.TomcatWebServer  : Tomcat initialized with port(s): 8080 (http)
2021-05-27 21:10:57.019  INFO 4873 --- [main] o.apache.catalina.core.StandardService   : Starting service [Tomcat]
2021-05-27 21:10:57.024  INFO 4873 --- [main] org.apache.catalina.core.StandardEngine  : Starting Servlet engine: [Apache Tomcat/9.0.45]
2021-05-27 21:10:57.205  INFO 4873 --- [main] o.a.c.c.C.[Tomcat].[localhost].[/]       : Initializing Spring embedded WebApplicationContext
2021-05-27 21:10:57.206  INFO 4873 --- [main] w.s.c.ServletWebServerApplicationContext : Root WebApplicationContext: initialization completed in 4176 ms
2021-05-27 21:10:58.463  INFO 4873 --- [main] o.hibernate.jpa.internal.util.LogHelper  : HHH000204: Processing PersistenceUnitInfo [name: default]
2021-05-27 21:10:58.577  INFO 4873 --- [main] org.hibernate.Version                    : HHH000412: Hibernate ORM core version 5.4.30.Final
2021-05-27 21:10:58.876  INFO 4873 --- [main] o.hibernate.annotations.common.Version   : HCANN000001: Hibernate Commons Annotations {5.1.2.Final}
2021-05-27 21:10:59.165  INFO 4873 --- [main] com.zaxxer.hikari.HikariDataSource       : HikariPool-1 - Starting...
2021-05-27 21:10:59.721  INFO 4873 --- [main] com.zaxxer.hikari.HikariDataSource       : HikariPool-1 - Start completed.
2021-05-27 21:10:59.770  INFO 4873 --- [main] org.hibernate.dialect.Dialect            : HHH000400: Using dialect: org.hibernate.dialect.PostgreSQLDialect
2021-05-27 21:11:01.958  INFO 4873 --- [main] o.h.e.t.j.p.i.JtaPlatformInitiator       : HHH000490: Using JtaPlatform implementation: [org.hibernate.engine.transaction.jta.platform.internal.NoJtaPlatform]
2021-05-27 21:11:01.977  INFO 4873 --- [main] j.LocalContainerEntityManagerFactoryBean : Initialized JPA EntityManagerFactory for persistence unit 'default'
2021-05-27 21:11:03.029  WARN 4873 --- [main] JpaBaseConfiguration$JpaWebConfiguration : spring.jpa.open-in-view is enabled by default. Therefore, database queries may be performed during view rendering. Explicitly configure spring.jpa.open-in-view to disable this warning
2021-05-27 21:11:03.975  INFO 4873 --- [main] o.s.s.web.DefaultSecurityFilterChain     : Will secure any request with [org.springframework.security.web.context.request.async.WebAsyncManagerIntegrationFilter@7ffc4195, org.springframework.security.web.context.SecurityContextPersistenceFilter@73818435, org.springframework.security.web.header.HeaderWriterFilter@658098a2, org.springframework.security.web.authentication.logout.LogoutFilter@1d7af82, com.deltadirac.kuskas.security.JwtAuthFilter@7df5549e, org.springframework.security.web.savedrequest.RequestCacheAwareFilter@52fe87e0, org.springframework.security.web.servletapi.SecurityContextHolderAwareRequestFilter@2ad6895a, org.springframework.security.web.authentication.AnonymousAuthenticationFilter@7ce760af, org.springframework.security.web.session.SessionManagementFilter@72e1e587, org.springframework.security.web.access.ExceptionTranslationFilter@55821edf, org.springframework.security.web.access.intercept.FilterSecurityInterceptor@68f1b89]
2021-05-27 21:11:04.270  INFO 4873 --- [main] o.s.s.concurrent.ThreadPoolTaskExecutor  : Initializing ExecutorService 'applicationTaskExecutor'
2021-05-27 21:11:05.018  INFO 4873 --- [main] o.s.b.w.embedded.tomcat.TomcatWebServer  : Tomcat started on port(s): 8080 (http) with context path ''
2021-05-27 21:11:05.057  INFO 4873 --- [main] com.deltadirac.kuskas.KuskasApplication  : Started KuskasApplication in 14.064 seconds (JVM running for 15.728)
2021-05-27 21:12:14.967  INFO 4873 --- [http-nio-8080-exec-2] o.a.c.c.C.[Tomcat].[localhost].[/]       : Initializing Spring DispatcherServlet 'dispatcherServlet'
2021-05-27 21:12:14.973  INFO 4873 --- [http-nio-8080-exec-2] o.s.web.servlet.DispatcherServlet        : Initializing Servlet 'dispatcherServlet'
2021-05-27 21:12:14.981  INFO 4873 --- [http-nio-8080-exec-2] o.s.web.servlet.DispatcherServlet        : Completed initialization in 6 ms
2021-05-27 21:13:20.395  INFO 5009 --- [main] com.deltadirac.kuskas.KuskasApplication  : Starting KuskasApplication using Java 11.0.10 on DESKTOP-2GCACPL with PID 5009 (/home/deprak/kuskas-server/target/classes started by deprak in /home/deprak/kuskas-server)
2021-05-27 21:13:20.402  INFO 5009 --- [main] com.deltadirac.kuskas.KuskasApplication  : The following profiles are active: dev
2021-05-27 21:13:21.588  WARN 5009 --- [background-preinit] o.s.h.c.j.Jackson2ObjectMapperBuilder    : For Jackson Kotlin classes support please add "com.fasterxml.jackson.module:jackson-module-kotlin" to the classpath
2021-05-27 21:13:22.716  INFO 5009 --- [main] .s.d.r.c.RepositoryConfigurationDelegate : Bootstrapping Spring Data JPA repositories in DEFAULT mode.
2021-05-27 21:13:22.918  INFO 5009 --- [main] .s.d.r.c.RepositoryConfigurationDelegate : Finished Spring Data repository scanning in 173 ms. Found 6 JPA repository interfaces.
2021-05-27 21:13:24.478  INFO 5009 --- [main] o.s.b.w.embedded.tomcat.TomcatWebServer  : Tomcat initialized with port(s): 8080 (http)
2021-05-27 21:13:24.522  INFO 5009 --- [main] o.apache.catalina.core.StandardService   : Starting service [Tomcat]
2021-05-27 21:13:24.526  INFO 5009 --- [main] org.apache.catalina.core.StandardEngine  : Starting Servlet engine: [Apache Tomcat/9.0.45]
2021-05-27 21:13:24.721  INFO 5009 --- [main] o.a.c.c.C.[Tomcat].[localhost].[/]       : Initializing Spring embedded WebApplicationContext
2021-05-27 21:13:24.722  INFO 5009 --- [main] w.s.c.ServletWebServerApplicationContext : Root WebApplicationContext: initialization completed in 4164 ms
2021-05-27 21:13:25.559  INFO 5009 --- [main] o.hibernate.jpa.internal.util.LogHelper  : HHH000204: Processing PersistenceUnitInfo [name: default]
2021-05-27 21:13:25.713  INFO 5009 --- [main] org.hibernate.Version                    : HHH000412: Hibernate ORM core version 5.4.30.Final
2021-05-27 21:13:26.040  INFO 5009 --- [main] o.hibernate.annotations.common.Version   : HCANN000001: Hibernate Commons Annotations {5.1.2.Final}
2021-05-27 21:13:26.277  INFO 5009 --- [main] com.zaxxer.hikari.HikariDataSource       : HikariPool-1 - Starting...
2021-05-27 21:13:26.875  INFO 5009 --- [main] com.zaxxer.hikari.HikariDataSource       : HikariPool-1 - Start completed.
2021-05-27 21:13:26.935  INFO 5009 --- [main] org.hibernate.dialect.Dialect            : HHH000400: Using dialect: org.hibernate.dialect.PostgreSQLDialect
2021-05-27 21:13:29.291  INFO 5009 --- [main] o.h.e.t.j.p.i.JtaPlatformInitiator       : HHH000490: Using JtaPlatform implementation: [org.hibernate.engine.transaction.jta.platform.internal.NoJtaPlatform]
2021-05-27 21:13:29.316  INFO 5009 --- [main] j.LocalContainerEntityManagerFactoryBean : Initialized JPA EntityManagerFactory for persistence unit 'default'
2021-05-27 21:13:30.340  WARN 5009 --- [main] JpaBaseConfiguration$JpaWebConfiguration : spring.jpa.open-in-view is enabled by default. Therefore, database queries may be performed during view rendering. Explicitly configure spring.jpa.open-in-view to disable this warning
2021-05-27 21:13:31.188  INFO 5009 --- [main] o.s.s.web.DefaultSecurityFilterChain     : Will secure any request with [org.springframework.security.web.context.request.async.WebAsyncManagerIntegrationFilter@2acbe46d, org.springframework.security.web.context.SecurityContextPersistenceFilter@52849956, org.springframework.security.web.header.HeaderWriterFilter@630febd7, org.springframework.security.web.authentication.logout.LogoutFilter@10e4cc6, com.deltadirac.kuskas.security.JwtAuthFilter@96dfcbb, org.springframework.security.web.savedrequest.RequestCacheAwareFilter@70273633, org.springframework.security.web.servletapi.SecurityContextHolderAwareRequestFilter@658098a2, org.springframework.security.web.authentication.AnonymousAuthenticationFilter@6c6b00f1, org.springframework.security.web.session.SessionManagementFilter@296a71df, org.springframework.security.web.access.ExceptionTranslationFilter@21948bd1, org.springframework.security.web.access.intercept.FilterSecurityInterceptor@29d29657]
2021-05-27 21:13:31.482  INFO 5009 --- [main] o.s.s.concurrent.ThreadPoolTaskExecutor  : Initializing ExecutorService 'applicationTaskExecutor'
2021-05-27 21:13:32.246  INFO 5009 --- [main] o.s.b.w.embedded.tomcat.TomcatWebServer  : Tomcat started on port(s): 8080 (http) with context path ''
2021-05-27 21:13:32.299  INFO 5009 --- [main] com.deltadirac.kuskas.KuskasApplication  : Started KuskasApplication in 12.996 seconds (JVM running for 14.133)
2021-05-27 21:14:11.259  INFO 5009 --- [http-nio-8080-exec-1] o.a.c.c.C.[Tomcat].[localhost].[/]       : Initializing Spring DispatcherServlet 'dispatcherServlet'
2021-05-27 21:14:11.266  INFO 5009 --- [http-nio-8080-exec-1] o.s.web.servlet.DispatcherServlet        : Initializing Servlet 'dispatcherServlet'
2021-05-27 21:14:11.273  INFO 5009 --- [http-nio-8080-exec-1] o.s.web.servlet.DispatcherServlet        : Completed initialization in 4 ms
2021-05-27 21:14:12.107  INFO 5009 --- [http-nio-8080-exec-1] c.d.kuskas.controller.PostController     : -------------------- POST
